{
  "stats": {
    "suites": 1,
    "tests": 6,
    "passes": 6,
    "pending": 0,
    "failures": 0,
    "start": "2025-02-28T09:33:04.906Z",
    "end": "2025-02-28T09:39:25.117Z",
    "duration": 380211,
    "testsRegistered": 6,
    "passPercent": 100,
    "pendingPercent": 0,
    "other": 0,
    "hasOther": false,
    "skipped": 0,
    "hasSkipped": false
  },
  "results": [
    {
      "uuid": "938a56ff-436c-4dde-bfd3-b23779300c49",
      "title": "",
      "fullFile": "cypress\\e2e\\toolsqa\\toolsqa.feature",
      "file": "cypress\\e2e\\toolsqa\\toolsqa.feature",
      "beforeHooks": [],
      "afterHooks": [],
      "tests": [],
      "suites": [
        {
          "uuid": "991b92bc-3733-4b35-a8a5-d32eb3ed9204",
          "title": "Formulário de Cadastro no DemoQA",
          "fullFile": "",
          "file": "",
          "beforeHooks": [],
          "afterHooks": [],
          "tests": [
            {
              "title": "Preenchimento e submissão do formulário com sucesso",
              "fullTitle": "Formulário de Cadastro no DemoQA Preenchimento e submissão do formulário com sucesso",
              "timedOut": null,
              "duration": 17566,
              "state": "passed",
              "speed": "slow",
              "pass": true,
              "fail": false,
              "pending": false,
              "context": null,
              "code": "var _a, _b, _c, _d, _e;\nconst { remainingSteps, testCaseStartedId } = retrieveInternalSpecProperties();\n(0, registry_1.assignRegistry)(registry);\nmessages.stack.push({\n    testCaseStarted: {\n        id: testCaseStartedId,\n        testCaseId,\n        attempt: attempt++,\n        timestamp: (0, messages_helpers_1.createTimestamp)(),\n    },\n});\nflushMessages(context.messages);\nwindow.testState = {\n    gherkinDocument,\n    pickles,\n    pickle,\n};\nfor (const step of steps) {\n    if (step.hook) {\n        const hook = step.hook;\n        cy.then(() => {\n            delete window.testState.pickleStep;\n            const start = (0, messages_helpers_1.createTimestamp)();\n            messages.stack.push({\n                testStepStarted: {\n                    testStepId: hook.id,\n                    testCaseStartedId,\n                    timestamp: start,\n                },\n            });\n            if (messages.enabled) {\n                cy.task(constants_1.TASK_TEST_STEP_STARTED, hook.id, { log: false });\n            }\n            return cy.wrap(start, { log: false });\n        })\n            .then((start) => {\n            (0, cypress_1.runStepWithLogGroup)({\n                fn: () => registry.runHook(this, hook),\n                keyword: hook.keyword,\n            });\n            return cy.wrap(start, { log: false });\n        })\n            .then((start) => {\n            const end = (0, messages_helpers_1.createTimestamp)();\n            messages.stack.push({\n                testStepFinished: {\n                    testStepId: hook.id,\n                    testCaseStartedId,\n                    testStepResult: {\n                        status: Status.Passed,\n                        duration: (0, messages_helpers_1.duration)(start, end),\n                    },\n                    timestamp: end,\n                },\n            });\n            remainingSteps.shift();\n        });\n    }\n    else if (step.pickleStep) {\n        const pickleStep = step.pickleStep;\n        const text = (0, assertions_1.assertAndReturn)(pickleStep.text, \"Expected pickle step to have a text\");\n        const scenarioStep = (0, assertions_1.assertAndReturn)(astIdMap.get((0, assertions_1.assertAndReturn)((_a = pickleStep.astNodeIds) === null || _a === void 0 ? void 0 : _a[0], \"Expected to find at least one astNodeId\")), `Expected to find scenario step associated with id = ${(_b = pickleStep.astNodeIds) === null || _b === void 0 ? void 0 : _b[0]}`);\n        const argument = ((_c = pickleStep.argument) === null || _c === void 0 ? void 0 : _c.dataTable)\n            ? new data_table_1.default(pickleStep.argument.dataTable)\n            : ((_e = (_d = pickleStep.argument) === null || _d === void 0 ? void 0 : _d.docString) === null || _e === void 0 ? void 0 : _e.content)\n                ? pickleStep.argument.docString.content\n                : undefined;\n        cy.then(() => {\n            window.testState.pickleStep = step.pickleStep;\n            internalProperties.currentStep = { pickleStep };\n            const start = (0, messages_helpers_1.createTimestamp)();\n            messages.stack.push({\n                testStepStarted: {\n                    testStepId: pickleStep.id,\n                    testCaseStartedId,\n                    timestamp: start,\n                },\n            });\n            if (messages.enabled) {\n                cy.task(constants_1.TASK_TEST_STEP_STARTED, pickleStep.id, { log: false });\n            }\n            return cy.wrap(start, { log: false });\n        })\n            .then((start) => {\n            try {\n                return (0, cypress_1.runStepWithLogGroup)({\n                    keyword: (0, assertions_1.assertAndReturn)(\"keyword\" in scenarioStep && scenarioStep.keyword, \"Expected to find a keyword in the scenario step\"),\n                    text,\n                    fn: () => registry.runStepDefininition(this, text, argument),\n                }).then((result) => {\n                    return {\n                        start,\n                        result,\n                    };\n                });\n            }\n            catch (e) {\n                if (e instanceof registry_1.MissingDefinitionError) {\n                    throw new Error(createMissingStepDefinitionMessage(context, pickleStep, context.registry.parameterTypeRegistry));\n                }\n                else {\n                    throw e;\n                }\n            }\n        })\n            .then(({ start, result }) => {\n            var _a, _b, _c;\n            const end = (0, messages_helpers_1.createTimestamp)();\n            if (result === \"pending\") {\n                messages.stack.push({\n                    testStepFinished: {\n                        testStepId: pickleStep.id,\n                        testCaseStartedId,\n                        testStepResult: {\n                            status: Status.Pending,\n                            duration: (0, messages_helpers_1.duration)(start, end),\n                        },\n                        timestamp: end,\n                    },\n                });\n                remainingSteps.shift();\n                for (const skippedStep of remainingSteps) {\n                    const testStepId = (0, assertions_1.assertAndReturn)((_b = (_a = skippedStep.hook) === null || _a === void 0 ? void 0 : _a.id) !== null && _b !== void 0 ? _b : (_c = skippedStep.pickleStep) === null || _c === void 0 ? void 0 : _c.id, \"Expected a step to either be a hook or a pickleStep\");\n                    messages.stack.push({\n                        testStepStarted: {\n                            testStepId,\n                            testCaseStartedId,\n                            timestamp: (0, messages_helpers_1.createTimestamp)(),\n                        },\n                    });\n                    messages.stack.push({\n                        testStepFinished: {\n                            testStepId,\n                            testCaseStartedId,\n                            testStepResult: {\n                                status: Status.Skipped,\n                                duration: {\n                                    seconds: 0,\n                                    nanos: 0,\n                                },\n                            },\n                            timestamp: (0, messages_helpers_1.createTimestamp)(),\n                        },\n                    });\n                }\n                for (let i = 0, count = remainingSteps.length; i < count; i++) {\n                    remainingSteps.pop();\n                }\n                this.skip();\n            }\n            else {\n                messages.stack.push({\n                    testStepFinished: {\n                        testStepId: pickleStep.id,\n                        testCaseStartedId,\n                        testStepResult: {\n                            status: Status.Passed,\n                            duration: (0, messages_helpers_1.duration)(start, end),\n                        },\n                        timestamp: end,\n                    },\n                });\n                remainingSteps.shift();\n            }\n        });\n    }\n}",
              "err": {},
              "uuid": "8fcfc610-1be3-4625-a4af-aaf501844177",
              "parentUUID": "991b92bc-3733-4b35-a8a5-d32eb3ed9204",
              "isHook": false,
              "skipped": false
            },
            {
              "title": "Abrir uma nova janela e validar a mensagem exibida",
              "fullTitle": "Formulário de Cadastro no DemoQA Abrir uma nova janela e validar a mensagem exibida",
              "timedOut": null,
              "duration": 15298,
              "state": "passed",
              "speed": "slow",
              "pass": true,
              "fail": false,
              "pending": false,
              "context": null,
              "code": "var _a, _b, _c, _d, _e;\nconst { remainingSteps, testCaseStartedId } = retrieveInternalSpecProperties();\n(0, registry_1.assignRegistry)(registry);\nmessages.stack.push({\n    testCaseStarted: {\n        id: testCaseStartedId,\n        testCaseId,\n        attempt: attempt++,\n        timestamp: (0, messages_helpers_1.createTimestamp)(),\n    },\n});\nflushMessages(context.messages);\nwindow.testState = {\n    gherkinDocument,\n    pickles,\n    pickle,\n};\nfor (const step of steps) {\n    if (step.hook) {\n        const hook = step.hook;\n        cy.then(() => {\n            delete window.testState.pickleStep;\n            const start = (0, messages_helpers_1.createTimestamp)();\n            messages.stack.push({\n                testStepStarted: {\n                    testStepId: hook.id,\n                    testCaseStartedId,\n                    timestamp: start,\n                },\n            });\n            if (messages.enabled) {\n                cy.task(constants_1.TASK_TEST_STEP_STARTED, hook.id, { log: false });\n            }\n            return cy.wrap(start, { log: false });\n        })\n            .then((start) => {\n            (0, cypress_1.runStepWithLogGroup)({\n                fn: () => registry.runHook(this, hook),\n                keyword: hook.keyword,\n            });\n            return cy.wrap(start, { log: false });\n        })\n            .then((start) => {\n            const end = (0, messages_helpers_1.createTimestamp)();\n            messages.stack.push({\n                testStepFinished: {\n                    testStepId: hook.id,\n                    testCaseStartedId,\n                    testStepResult: {\n                        status: Status.Passed,\n                        duration: (0, messages_helpers_1.duration)(start, end),\n                    },\n                    timestamp: end,\n                },\n            });\n            remainingSteps.shift();\n        });\n    }\n    else if (step.pickleStep) {\n        const pickleStep = step.pickleStep;\n        const text = (0, assertions_1.assertAndReturn)(pickleStep.text, \"Expected pickle step to have a text\");\n        const scenarioStep = (0, assertions_1.assertAndReturn)(astIdMap.get((0, assertions_1.assertAndReturn)((_a = pickleStep.astNodeIds) === null || _a === void 0 ? void 0 : _a[0], \"Expected to find at least one astNodeId\")), `Expected to find scenario step associated with id = ${(_b = pickleStep.astNodeIds) === null || _b === void 0 ? void 0 : _b[0]}`);\n        const argument = ((_c = pickleStep.argument) === null || _c === void 0 ? void 0 : _c.dataTable)\n            ? new data_table_1.default(pickleStep.argument.dataTable)\n            : ((_e = (_d = pickleStep.argument) === null || _d === void 0 ? void 0 : _d.docString) === null || _e === void 0 ? void 0 : _e.content)\n                ? pickleStep.argument.docString.content\n                : undefined;\n        cy.then(() => {\n            window.testState.pickleStep = step.pickleStep;\n            internalProperties.currentStep = { pickleStep };\n            const start = (0, messages_helpers_1.createTimestamp)();\n            messages.stack.push({\n                testStepStarted: {\n                    testStepId: pickleStep.id,\n                    testCaseStartedId,\n                    timestamp: start,\n                },\n            });\n            if (messages.enabled) {\n                cy.task(constants_1.TASK_TEST_STEP_STARTED, pickleStep.id, { log: false });\n            }\n            return cy.wrap(start, { log: false });\n        })\n            .then((start) => {\n            try {\n                return (0, cypress_1.runStepWithLogGroup)({\n                    keyword: (0, assertions_1.assertAndReturn)(\"keyword\" in scenarioStep && scenarioStep.keyword, \"Expected to find a keyword in the scenario step\"),\n                    text,\n                    fn: () => registry.runStepDefininition(this, text, argument),\n                }).then((result) => {\n                    return {\n                        start,\n                        result,\n                    };\n                });\n            }\n            catch (e) {\n                if (e instanceof registry_1.MissingDefinitionError) {\n                    throw new Error(createMissingStepDefinitionMessage(context, pickleStep, context.registry.parameterTypeRegistry));\n                }\n                else {\n                    throw e;\n                }\n            }\n        })\n            .then(({ start, result }) => {\n            var _a, _b, _c;\n            const end = (0, messages_helpers_1.createTimestamp)();\n            if (result === \"pending\") {\n                messages.stack.push({\n                    testStepFinished: {\n                        testStepId: pickleStep.id,\n                        testCaseStartedId,\n                        testStepResult: {\n                            status: Status.Pending,\n                            duration: (0, messages_helpers_1.duration)(start, end),\n                        },\n                        timestamp: end,\n                    },\n                });\n                remainingSteps.shift();\n                for (const skippedStep of remainingSteps) {\n                    const testStepId = (0, assertions_1.assertAndReturn)((_b = (_a = skippedStep.hook) === null || _a === void 0 ? void 0 : _a.id) !== null && _b !== void 0 ? _b : (_c = skippedStep.pickleStep) === null || _c === void 0 ? void 0 : _c.id, \"Expected a step to either be a hook or a pickleStep\");\n                    messages.stack.push({\n                        testStepStarted: {\n                            testStepId,\n                            testCaseStartedId,\n                            timestamp: (0, messages_helpers_1.createTimestamp)(),\n                        },\n                    });\n                    messages.stack.push({\n                        testStepFinished: {\n                            testStepId,\n                            testCaseStartedId,\n                            testStepResult: {\n                                status: Status.Skipped,\n                                duration: {\n                                    seconds: 0,\n                                    nanos: 0,\n                                },\n                            },\n                            timestamp: (0, messages_helpers_1.createTimestamp)(),\n                        },\n                    });\n                }\n                for (let i = 0, count = remainingSteps.length; i < count; i++) {\n                    remainingSteps.pop();\n                }\n                this.skip();\n            }\n            else {\n                messages.stack.push({\n                    testStepFinished: {\n                        testStepId: pickleStep.id,\n                        testCaseStartedId,\n                        testStepResult: {\n                            status: Status.Passed,\n                            duration: (0, messages_helpers_1.duration)(start, end),\n                        },\n                        timestamp: end,\n                    },\n                });\n                remainingSteps.shift();\n            }\n        });\n    }\n}",
              "err": {},
              "uuid": "e318b28f-82cd-4f2e-a3c9-6380e5110fc5",
              "parentUUID": "991b92bc-3733-4b35-a8a5-d32eb3ed9204",
              "isHook": false,
              "skipped": false
            },
            {
              "title": "Criar, editar e deletar um novo registro na Web Tables",
              "fullTitle": "Formulário de Cadastro no DemoQA Criar, editar e deletar um novo registro na Web Tables",
              "timedOut": null,
              "duration": 16760,
              "state": "passed",
              "speed": "slow",
              "pass": true,
              "fail": false,
              "pending": false,
              "context": null,
              "code": "var _a, _b, _c, _d, _e;\nconst { remainingSteps, testCaseStartedId } = retrieveInternalSpecProperties();\n(0, registry_1.assignRegistry)(registry);\nmessages.stack.push({\n    testCaseStarted: {\n        id: testCaseStartedId,\n        testCaseId,\n        attempt: attempt++,\n        timestamp: (0, messages_helpers_1.createTimestamp)(),\n    },\n});\nflushMessages(context.messages);\nwindow.testState = {\n    gherkinDocument,\n    pickles,\n    pickle,\n};\nfor (const step of steps) {\n    if (step.hook) {\n        const hook = step.hook;\n        cy.then(() => {\n            delete window.testState.pickleStep;\n            const start = (0, messages_helpers_1.createTimestamp)();\n            messages.stack.push({\n                testStepStarted: {\n                    testStepId: hook.id,\n                    testCaseStartedId,\n                    timestamp: start,\n                },\n            });\n            if (messages.enabled) {\n                cy.task(constants_1.TASK_TEST_STEP_STARTED, hook.id, { log: false });\n            }\n            return cy.wrap(start, { log: false });\n        })\n            .then((start) => {\n            (0, cypress_1.runStepWithLogGroup)({\n                fn: () => registry.runHook(this, hook),\n                keyword: hook.keyword,\n            });\n            return cy.wrap(start, { log: false });\n        })\n            .then((start) => {\n            const end = (0, messages_helpers_1.createTimestamp)();\n            messages.stack.push({\n                testStepFinished: {\n                    testStepId: hook.id,\n                    testCaseStartedId,\n                    testStepResult: {\n                        status: Status.Passed,\n                        duration: (0, messages_helpers_1.duration)(start, end),\n                    },\n                    timestamp: end,\n                },\n            });\n            remainingSteps.shift();\n        });\n    }\n    else if (step.pickleStep) {\n        const pickleStep = step.pickleStep;\n        const text = (0, assertions_1.assertAndReturn)(pickleStep.text, \"Expected pickle step to have a text\");\n        const scenarioStep = (0, assertions_1.assertAndReturn)(astIdMap.get((0, assertions_1.assertAndReturn)((_a = pickleStep.astNodeIds) === null || _a === void 0 ? void 0 : _a[0], \"Expected to find at least one astNodeId\")), `Expected to find scenario step associated with id = ${(_b = pickleStep.astNodeIds) === null || _b === void 0 ? void 0 : _b[0]}`);\n        const argument = ((_c = pickleStep.argument) === null || _c === void 0 ? void 0 : _c.dataTable)\n            ? new data_table_1.default(pickleStep.argument.dataTable)\n            : ((_e = (_d = pickleStep.argument) === null || _d === void 0 ? void 0 : _d.docString) === null || _e === void 0 ? void 0 : _e.content)\n                ? pickleStep.argument.docString.content\n                : undefined;\n        cy.then(() => {\n            window.testState.pickleStep = step.pickleStep;\n            internalProperties.currentStep = { pickleStep };\n            const start = (0, messages_helpers_1.createTimestamp)();\n            messages.stack.push({\n                testStepStarted: {\n                    testStepId: pickleStep.id,\n                    testCaseStartedId,\n                    timestamp: start,\n                },\n            });\n            if (messages.enabled) {\n                cy.task(constants_1.TASK_TEST_STEP_STARTED, pickleStep.id, { log: false });\n            }\n            return cy.wrap(start, { log: false });\n        })\n            .then((start) => {\n            try {\n                return (0, cypress_1.runStepWithLogGroup)({\n                    keyword: (0, assertions_1.assertAndReturn)(\"keyword\" in scenarioStep && scenarioStep.keyword, \"Expected to find a keyword in the scenario step\"),\n                    text,\n                    fn: () => registry.runStepDefininition(this, text, argument),\n                }).then((result) => {\n                    return {\n                        start,\n                        result,\n                    };\n                });\n            }\n            catch (e) {\n                if (e instanceof registry_1.MissingDefinitionError) {\n                    throw new Error(createMissingStepDefinitionMessage(context, pickleStep, context.registry.parameterTypeRegistry));\n                }\n                else {\n                    throw e;\n                }\n            }\n        })\n            .then(({ start, result }) => {\n            var _a, _b, _c;\n            const end = (0, messages_helpers_1.createTimestamp)();\n            if (result === \"pending\") {\n                messages.stack.push({\n                    testStepFinished: {\n                        testStepId: pickleStep.id,\n                        testCaseStartedId,\n                        testStepResult: {\n                            status: Status.Pending,\n                            duration: (0, messages_helpers_1.duration)(start, end),\n                        },\n                        timestamp: end,\n                    },\n                });\n                remainingSteps.shift();\n                for (const skippedStep of remainingSteps) {\n                    const testStepId = (0, assertions_1.assertAndReturn)((_b = (_a = skippedStep.hook) === null || _a === void 0 ? void 0 : _a.id) !== null && _b !== void 0 ? _b : (_c = skippedStep.pickleStep) === null || _c === void 0 ? void 0 : _c.id, \"Expected a step to either be a hook or a pickleStep\");\n                    messages.stack.push({\n                        testStepStarted: {\n                            testStepId,\n                            testCaseStartedId,\n                            timestamp: (0, messages_helpers_1.createTimestamp)(),\n                        },\n                    });\n                    messages.stack.push({\n                        testStepFinished: {\n                            testStepId,\n                            testCaseStartedId,\n                            testStepResult: {\n                                status: Status.Skipped,\n                                duration: {\n                                    seconds: 0,\n                                    nanos: 0,\n                                },\n                            },\n                            timestamp: (0, messages_helpers_1.createTimestamp)(),\n                        },\n                    });\n                }\n                for (let i = 0, count = remainingSteps.length; i < count; i++) {\n                    remainingSteps.pop();\n                }\n                this.skip();\n            }\n            else {\n                messages.stack.push({\n                    testStepFinished: {\n                        testStepId: pickleStep.id,\n                        testCaseStartedId,\n                        testStepResult: {\n                            status: Status.Passed,\n                            duration: (0, messages_helpers_1.duration)(start, end),\n                        },\n                        timestamp: end,\n                    },\n                });\n                remainingSteps.shift();\n            }\n        });\n    }\n}",
              "err": {},
              "uuid": "c11c6401-115c-485a-8370-14efc75f88f2",
              "parentUUID": "991b92bc-3733-4b35-a8a5-d32eb3ed9204",
              "isHook": false,
              "skipped": false
            },
            {
              "title": "Controlar a barra de progresso e validar valores",
              "fullTitle": "Formulário de Cadastro no DemoQA Controlar a barra de progresso e validar valores",
              "timedOut": null,
              "duration": 18653,
              "state": "passed",
              "speed": "slow",
              "pass": true,
              "fail": false,
              "pending": false,
              "context": null,
              "code": "var _a, _b, _c, _d, _e;\nconst { remainingSteps, testCaseStartedId } = retrieveInternalSpecProperties();\n(0, registry_1.assignRegistry)(registry);\nmessages.stack.push({\n    testCaseStarted: {\n        id: testCaseStartedId,\n        testCaseId,\n        attempt: attempt++,\n        timestamp: (0, messages_helpers_1.createTimestamp)(),\n    },\n});\nflushMessages(context.messages);\nwindow.testState = {\n    gherkinDocument,\n    pickles,\n    pickle,\n};\nfor (const step of steps) {\n    if (step.hook) {\n        const hook = step.hook;\n        cy.then(() => {\n            delete window.testState.pickleStep;\n            const start = (0, messages_helpers_1.createTimestamp)();\n            messages.stack.push({\n                testStepStarted: {\n                    testStepId: hook.id,\n                    testCaseStartedId,\n                    timestamp: start,\n                },\n            });\n            if (messages.enabled) {\n                cy.task(constants_1.TASK_TEST_STEP_STARTED, hook.id, { log: false });\n            }\n            return cy.wrap(start, { log: false });\n        })\n            .then((start) => {\n            (0, cypress_1.runStepWithLogGroup)({\n                fn: () => registry.runHook(this, hook),\n                keyword: hook.keyword,\n            });\n            return cy.wrap(start, { log: false });\n        })\n            .then((start) => {\n            const end = (0, messages_helpers_1.createTimestamp)();\n            messages.stack.push({\n                testStepFinished: {\n                    testStepId: hook.id,\n                    testCaseStartedId,\n                    testStepResult: {\n                        status: Status.Passed,\n                        duration: (0, messages_helpers_1.duration)(start, end),\n                    },\n                    timestamp: end,\n                },\n            });\n            remainingSteps.shift();\n        });\n    }\n    else if (step.pickleStep) {\n        const pickleStep = step.pickleStep;\n        const text = (0, assertions_1.assertAndReturn)(pickleStep.text, \"Expected pickle step to have a text\");\n        const scenarioStep = (0, assertions_1.assertAndReturn)(astIdMap.get((0, assertions_1.assertAndReturn)((_a = pickleStep.astNodeIds) === null || _a === void 0 ? void 0 : _a[0], \"Expected to find at least one astNodeId\")), `Expected to find scenario step associated with id = ${(_b = pickleStep.astNodeIds) === null || _b === void 0 ? void 0 : _b[0]}`);\n        const argument = ((_c = pickleStep.argument) === null || _c === void 0 ? void 0 : _c.dataTable)\n            ? new data_table_1.default(pickleStep.argument.dataTable)\n            : ((_e = (_d = pickleStep.argument) === null || _d === void 0 ? void 0 : _d.docString) === null || _e === void 0 ? void 0 : _e.content)\n                ? pickleStep.argument.docString.content\n                : undefined;\n        cy.then(() => {\n            window.testState.pickleStep = step.pickleStep;\n            internalProperties.currentStep = { pickleStep };\n            const start = (0, messages_helpers_1.createTimestamp)();\n            messages.stack.push({\n                testStepStarted: {\n                    testStepId: pickleStep.id,\n                    testCaseStartedId,\n                    timestamp: start,\n                },\n            });\n            if (messages.enabled) {\n                cy.task(constants_1.TASK_TEST_STEP_STARTED, pickleStep.id, { log: false });\n            }\n            return cy.wrap(start, { log: false });\n        })\n            .then((start) => {\n            try {\n                return (0, cypress_1.runStepWithLogGroup)({\n                    keyword: (0, assertions_1.assertAndReturn)(\"keyword\" in scenarioStep && scenarioStep.keyword, \"Expected to find a keyword in the scenario step\"),\n                    text,\n                    fn: () => registry.runStepDefininition(this, text, argument),\n                }).then((result) => {\n                    return {\n                        start,\n                        result,\n                    };\n                });\n            }\n            catch (e) {\n                if (e instanceof registry_1.MissingDefinitionError) {\n                    throw new Error(createMissingStepDefinitionMessage(context, pickleStep, context.registry.parameterTypeRegistry));\n                }\n                else {\n                    throw e;\n                }\n            }\n        })\n            .then(({ start, result }) => {\n            var _a, _b, _c;\n            const end = (0, messages_helpers_1.createTimestamp)();\n            if (result === \"pending\") {\n                messages.stack.push({\n                    testStepFinished: {\n                        testStepId: pickleStep.id,\n                        testCaseStartedId,\n                        testStepResult: {\n                            status: Status.Pending,\n                            duration: (0, messages_helpers_1.duration)(start, end),\n                        },\n                        timestamp: end,\n                    },\n                });\n                remainingSteps.shift();\n                for (const skippedStep of remainingSteps) {\n                    const testStepId = (0, assertions_1.assertAndReturn)((_b = (_a = skippedStep.hook) === null || _a === void 0 ? void 0 : _a.id) !== null && _b !== void 0 ? _b : (_c = skippedStep.pickleStep) === null || _c === void 0 ? void 0 : _c.id, \"Expected a step to either be a hook or a pickleStep\");\n                    messages.stack.push({\n                        testStepStarted: {\n                            testStepId,\n                            testCaseStartedId,\n                            timestamp: (0, messages_helpers_1.createTimestamp)(),\n                        },\n                    });\n                    messages.stack.push({\n                        testStepFinished: {\n                            testStepId,\n                            testCaseStartedId,\n                            testStepResult: {\n                                status: Status.Skipped,\n                                duration: {\n                                    seconds: 0,\n                                    nanos: 0,\n                                },\n                            },\n                            timestamp: (0, messages_helpers_1.createTimestamp)(),\n                        },\n                    });\n                }\n                for (let i = 0, count = remainingSteps.length; i < count; i++) {\n                    remainingSteps.pop();\n                }\n                this.skip();\n            }\n            else {\n                messages.stack.push({\n                    testStepFinished: {\n                        testStepId: pickleStep.id,\n                        testCaseStartedId,\n                        testStepResult: {\n                            status: Status.Passed,\n                            duration: (0, messages_helpers_1.duration)(start, end),\n                        },\n                        timestamp: end,\n                    },\n                });\n                remainingSteps.shift();\n            }\n        });\n    }\n}",
              "err": {},
              "uuid": "fde5df32-7f96-45ad-9491-6da76eb5e429",
              "parentUUID": "991b92bc-3733-4b35-a8a5-d32eb3ed9204",
              "isHook": false,
              "skipped": false
            },
            {
              "title": "Reordenar elementos usando Drag and Drop",
              "fullTitle": "Formulário de Cadastro no DemoQA Reordenar elementos usando Drag and Drop",
              "timedOut": null,
              "duration": 12290,
              "state": "passed",
              "speed": "slow",
              "pass": true,
              "fail": false,
              "pending": false,
              "context": null,
              "code": "var _a, _b, _c, _d, _e;\nconst { remainingSteps, testCaseStartedId } = retrieveInternalSpecProperties();\n(0, registry_1.assignRegistry)(registry);\nmessages.stack.push({\n    testCaseStarted: {\n        id: testCaseStartedId,\n        testCaseId,\n        attempt: attempt++,\n        timestamp: (0, messages_helpers_1.createTimestamp)(),\n    },\n});\nflushMessages(context.messages);\nwindow.testState = {\n    gherkinDocument,\n    pickles,\n    pickle,\n};\nfor (const step of steps) {\n    if (step.hook) {\n        const hook = step.hook;\n        cy.then(() => {\n            delete window.testState.pickleStep;\n            const start = (0, messages_helpers_1.createTimestamp)();\n            messages.stack.push({\n                testStepStarted: {\n                    testStepId: hook.id,\n                    testCaseStartedId,\n                    timestamp: start,\n                },\n            });\n            if (messages.enabled) {\n                cy.task(constants_1.TASK_TEST_STEP_STARTED, hook.id, { log: false });\n            }\n            return cy.wrap(start, { log: false });\n        })\n            .then((start) => {\n            (0, cypress_1.runStepWithLogGroup)({\n                fn: () => registry.runHook(this, hook),\n                keyword: hook.keyword,\n            });\n            return cy.wrap(start, { log: false });\n        })\n            .then((start) => {\n            const end = (0, messages_helpers_1.createTimestamp)();\n            messages.stack.push({\n                testStepFinished: {\n                    testStepId: hook.id,\n                    testCaseStartedId,\n                    testStepResult: {\n                        status: Status.Passed,\n                        duration: (0, messages_helpers_1.duration)(start, end),\n                    },\n                    timestamp: end,\n                },\n            });\n            remainingSteps.shift();\n        });\n    }\n    else if (step.pickleStep) {\n        const pickleStep = step.pickleStep;\n        const text = (0, assertions_1.assertAndReturn)(pickleStep.text, \"Expected pickle step to have a text\");\n        const scenarioStep = (0, assertions_1.assertAndReturn)(astIdMap.get((0, assertions_1.assertAndReturn)((_a = pickleStep.astNodeIds) === null || _a === void 0 ? void 0 : _a[0], \"Expected to find at least one astNodeId\")), `Expected to find scenario step associated with id = ${(_b = pickleStep.astNodeIds) === null || _b === void 0 ? void 0 : _b[0]}`);\n        const argument = ((_c = pickleStep.argument) === null || _c === void 0 ? void 0 : _c.dataTable)\n            ? new data_table_1.default(pickleStep.argument.dataTable)\n            : ((_e = (_d = pickleStep.argument) === null || _d === void 0 ? void 0 : _d.docString) === null || _e === void 0 ? void 0 : _e.content)\n                ? pickleStep.argument.docString.content\n                : undefined;\n        cy.then(() => {\n            window.testState.pickleStep = step.pickleStep;\n            internalProperties.currentStep = { pickleStep };\n            const start = (0, messages_helpers_1.createTimestamp)();\n            messages.stack.push({\n                testStepStarted: {\n                    testStepId: pickleStep.id,\n                    testCaseStartedId,\n                    timestamp: start,\n                },\n            });\n            if (messages.enabled) {\n                cy.task(constants_1.TASK_TEST_STEP_STARTED, pickleStep.id, { log: false });\n            }\n            return cy.wrap(start, { log: false });\n        })\n            .then((start) => {\n            try {\n                return (0, cypress_1.runStepWithLogGroup)({\n                    keyword: (0, assertions_1.assertAndReturn)(\"keyword\" in scenarioStep && scenarioStep.keyword, \"Expected to find a keyword in the scenario step\"),\n                    text,\n                    fn: () => registry.runStepDefininition(this, text, argument),\n                }).then((result) => {\n                    return {\n                        start,\n                        result,\n                    };\n                });\n            }\n            catch (e) {\n                if (e instanceof registry_1.MissingDefinitionError) {\n                    throw new Error(createMissingStepDefinitionMessage(context, pickleStep, context.registry.parameterTypeRegistry));\n                }\n                else {\n                    throw e;\n                }\n            }\n        })\n            .then(({ start, result }) => {\n            var _a, _b, _c;\n            const end = (0, messages_helpers_1.createTimestamp)();\n            if (result === \"pending\") {\n                messages.stack.push({\n                    testStepFinished: {\n                        testStepId: pickleStep.id,\n                        testCaseStartedId,\n                        testStepResult: {\n                            status: Status.Pending,\n                            duration: (0, messages_helpers_1.duration)(start, end),\n                        },\n                        timestamp: end,\n                    },\n                });\n                remainingSteps.shift();\n                for (const skippedStep of remainingSteps) {\n                    const testStepId = (0, assertions_1.assertAndReturn)((_b = (_a = skippedStep.hook) === null || _a === void 0 ? void 0 : _a.id) !== null && _b !== void 0 ? _b : (_c = skippedStep.pickleStep) === null || _c === void 0 ? void 0 : _c.id, \"Expected a step to either be a hook or a pickleStep\");\n                    messages.stack.push({\n                        testStepStarted: {\n                            testStepId,\n                            testCaseStartedId,\n                            timestamp: (0, messages_helpers_1.createTimestamp)(),\n                        },\n                    });\n                    messages.stack.push({\n                        testStepFinished: {\n                            testStepId,\n                            testCaseStartedId,\n                            testStepResult: {\n                                status: Status.Skipped,\n                                duration: {\n                                    seconds: 0,\n                                    nanos: 0,\n                                },\n                            },\n                            timestamp: (0, messages_helpers_1.createTimestamp)(),\n                        },\n                    });\n                }\n                for (let i = 0, count = remainingSteps.length; i < count; i++) {\n                    remainingSteps.pop();\n                }\n                this.skip();\n            }\n            else {\n                messages.stack.push({\n                    testStepFinished: {\n                        testStepId: pickleStep.id,\n                        testCaseStartedId,\n                        testStepResult: {\n                            status: Status.Passed,\n                            duration: (0, messages_helpers_1.duration)(start, end),\n                        },\n                        timestamp: end,\n                    },\n                });\n                remainingSteps.shift();\n            }\n        });\n    }\n}",
              "err": {},
              "uuid": "badb338f-3042-4509-92a3-c51b192745f4",
              "parentUUID": "991b92bc-3733-4b35-a8a5-d32eb3ed9204",
              "isHook": false,
              "skipped": false
            },
            {
              "title": "Criar e deletar múltiplos registros dinamicamente (EXTRA)",
              "fullTitle": "Formulário de Cadastro no DemoQA Criar e deletar múltiplos registros dinamicamente (EXTRA)",
              "timedOut": null,
              "duration": 295387,
              "state": "passed",
              "speed": "slow",
              "pass": true,
              "fail": false,
              "pending": false,
              "context": null,
              "code": "var _a, _b, _c, _d, _e;\nconst { remainingSteps, testCaseStartedId } = retrieveInternalSpecProperties();\n(0, registry_1.assignRegistry)(registry);\nmessages.stack.push({\n    testCaseStarted: {\n        id: testCaseStartedId,\n        testCaseId,\n        attempt: attempt++,\n        timestamp: (0, messages_helpers_1.createTimestamp)(),\n    },\n});\nflushMessages(context.messages);\nwindow.testState = {\n    gherkinDocument,\n    pickles,\n    pickle,\n};\nfor (const step of steps) {\n    if (step.hook) {\n        const hook = step.hook;\n        cy.then(() => {\n            delete window.testState.pickleStep;\n            const start = (0, messages_helpers_1.createTimestamp)();\n            messages.stack.push({\n                testStepStarted: {\n                    testStepId: hook.id,\n                    testCaseStartedId,\n                    timestamp: start,\n                },\n            });\n            if (messages.enabled) {\n                cy.task(constants_1.TASK_TEST_STEP_STARTED, hook.id, { log: false });\n            }\n            return cy.wrap(start, { log: false });\n        })\n            .then((start) => {\n            (0, cypress_1.runStepWithLogGroup)({\n                fn: () => registry.runHook(this, hook),\n                keyword: hook.keyword,\n            });\n            return cy.wrap(start, { log: false });\n        })\n            .then((start) => {\n            const end = (0, messages_helpers_1.createTimestamp)();\n            messages.stack.push({\n                testStepFinished: {\n                    testStepId: hook.id,\n                    testCaseStartedId,\n                    testStepResult: {\n                        status: Status.Passed,\n                        duration: (0, messages_helpers_1.duration)(start, end),\n                    },\n                    timestamp: end,\n                },\n            });\n            remainingSteps.shift();\n        });\n    }\n    else if (step.pickleStep) {\n        const pickleStep = step.pickleStep;\n        const text = (0, assertions_1.assertAndReturn)(pickleStep.text, \"Expected pickle step to have a text\");\n        const scenarioStep = (0, assertions_1.assertAndReturn)(astIdMap.get((0, assertions_1.assertAndReturn)((_a = pickleStep.astNodeIds) === null || _a === void 0 ? void 0 : _a[0], \"Expected to find at least one astNodeId\")), `Expected to find scenario step associated with id = ${(_b = pickleStep.astNodeIds) === null || _b === void 0 ? void 0 : _b[0]}`);\n        const argument = ((_c = pickleStep.argument) === null || _c === void 0 ? void 0 : _c.dataTable)\n            ? new data_table_1.default(pickleStep.argument.dataTable)\n            : ((_e = (_d = pickleStep.argument) === null || _d === void 0 ? void 0 : _d.docString) === null || _e === void 0 ? void 0 : _e.content)\n                ? pickleStep.argument.docString.content\n                : undefined;\n        cy.then(() => {\n            window.testState.pickleStep = step.pickleStep;\n            internalProperties.currentStep = { pickleStep };\n            const start = (0, messages_helpers_1.createTimestamp)();\n            messages.stack.push({\n                testStepStarted: {\n                    testStepId: pickleStep.id,\n                    testCaseStartedId,\n                    timestamp: start,\n                },\n            });\n            if (messages.enabled) {\n                cy.task(constants_1.TASK_TEST_STEP_STARTED, pickleStep.id, { log: false });\n            }\n            return cy.wrap(start, { log: false });\n        })\n            .then((start) => {\n            try {\n                return (0, cypress_1.runStepWithLogGroup)({\n                    keyword: (0, assertions_1.assertAndReturn)(\"keyword\" in scenarioStep && scenarioStep.keyword, \"Expected to find a keyword in the scenario step\"),\n                    text,\n                    fn: () => registry.runStepDefininition(this, text, argument),\n                }).then((result) => {\n                    return {\n                        start,\n                        result,\n                    };\n                });\n            }\n            catch (e) {\n                if (e instanceof registry_1.MissingDefinitionError) {\n                    throw new Error(createMissingStepDefinitionMessage(context, pickleStep, context.registry.parameterTypeRegistry));\n                }\n                else {\n                    throw e;\n                }\n            }\n        })\n            .then(({ start, result }) => {\n            var _a, _b, _c;\n            const end = (0, messages_helpers_1.createTimestamp)();\n            if (result === \"pending\") {\n                messages.stack.push({\n                    testStepFinished: {\n                        testStepId: pickleStep.id,\n                        testCaseStartedId,\n                        testStepResult: {\n                            status: Status.Pending,\n                            duration: (0, messages_helpers_1.duration)(start, end),\n                        },\n                        timestamp: end,\n                    },\n                });\n                remainingSteps.shift();\n                for (const skippedStep of remainingSteps) {\n                    const testStepId = (0, assertions_1.assertAndReturn)((_b = (_a = skippedStep.hook) === null || _a === void 0 ? void 0 : _a.id) !== null && _b !== void 0 ? _b : (_c = skippedStep.pickleStep) === null || _c === void 0 ? void 0 : _c.id, \"Expected a step to either be a hook or a pickleStep\");\n                    messages.stack.push({\n                        testStepStarted: {\n                            testStepId,\n                            testCaseStartedId,\n                            timestamp: (0, messages_helpers_1.createTimestamp)(),\n                        },\n                    });\n                    messages.stack.push({\n                        testStepFinished: {\n                            testStepId,\n                            testCaseStartedId,\n                            testStepResult: {\n                                status: Status.Skipped,\n                                duration: {\n                                    seconds: 0,\n                                    nanos: 0,\n                                },\n                            },\n                            timestamp: (0, messages_helpers_1.createTimestamp)(),\n                        },\n                    });\n                }\n                for (let i = 0, count = remainingSteps.length; i < count; i++) {\n                    remainingSteps.pop();\n                }\n                this.skip();\n            }\n            else {\n                messages.stack.push({\n                    testStepFinished: {\n                        testStepId: pickleStep.id,\n                        testCaseStartedId,\n                        testStepResult: {\n                            status: Status.Passed,\n                            duration: (0, messages_helpers_1.duration)(start, end),\n                        },\n                        timestamp: end,\n                    },\n                });\n                remainingSteps.shift();\n            }\n        });\n    }\n}",
              "err": {},
              "uuid": "dc235432-035a-4865-8486-6a89c2b73bc5",
              "parentUUID": "991b92bc-3733-4b35-a8a5-d32eb3ed9204",
              "isHook": false,
              "skipped": false
            }
          ],
          "suites": [],
          "passes": [
            "8fcfc610-1be3-4625-a4af-aaf501844177",
            "e318b28f-82cd-4f2e-a3c9-6380e5110fc5",
            "c11c6401-115c-485a-8370-14efc75f88f2",
            "fde5df32-7f96-45ad-9491-6da76eb5e429",
            "badb338f-3042-4509-92a3-c51b192745f4",
            "dc235432-035a-4865-8486-6a89c2b73bc5"
          ],
          "failures": [],
          "pending": [],
          "skipped": [],
          "duration": 375954,
          "root": false,
          "rootEmpty": false,
          "_timeout": 2000
        }
      ],
      "passes": [],
      "failures": [],
      "pending": [],
      "skipped": [],
      "duration": 0,
      "root": true,
      "rootEmpty": true,
      "_timeout": 2000
    }
  ],
  "meta": {
    "mocha": {
      "version": "7.0.1"
    },
    "mochawesome": {
      "options": {
        "quiet": false,
        "reportFilename": "mochawesome",
        "saveHtml": true,
        "saveJson": true,
        "consoleReporter": "spec",
        "useInlineDiffs": false,
        "code": true
      },
      "version": "7.1.3"
    },
    "marge": {
      "options": {
        "reportDir": "cypress/reports",
        "overwrite": true,
        "html": true,
        "json": true
      },
      "version": "6.2.0"
    }
  }
}